android/app/build/intermediates/manifest_merge_blame_file/debug/manifest-merger-blame-debug-report.txt
1<?xml version="1.0" encoding="utf-8"?>
2<manifest xmlns:android="http://schemas.android.com/apk/res/android"
3    package="com.rutasapp"
4    android:versionCode="1"
5    android:versionName="1.0" >
6
7    <uses-sdk
8        android:minSdkVersion="21"
9        android:targetSdkVersion="30" />
10
11    <uses-permission android:name="android.permission.SYSTEM_ALERT_WINDOW" />
11-->src/debug/AndroidManifest.xml:5:5-77
11-->src/debug/AndroidManifest.xml:5:22-75
12    <uses-permission android:name="android.permission.INTERNET" />
12-->src/main/AndroidManifest.xml:4:5-67
12-->src/main/AndroidManifest.xml:4:22-64
13    <uses-permission android:name="android.permission.ACCESS_BACKGROUND_LOCATION" />
13-->src/main/AndroidManifest.xml:5:5-85
13-->src/main/AndroidManifest.xml:5:22-82
14    <uses-permission android:name="android.permission.ACCESS_COARSE_LOCATION" />
14-->src/main/AndroidManifest.xml:6:5-81
14-->src/main/AndroidManifest.xml:6:22-78
15    <uses-permission android:name="android.permission.ACCESS_FINE_LOCATION" />
15-->src/main/AndroidManifest.xml:7:5-79
15-->src/main/AndroidManifest.xml:7:22-76
16    <uses-permission android:name="android.permission.ACCESS_WIFI_STATE" /> <!-- Include required permissions for Google Maps API to run. -->
16-->[com.facebook.flipper:flipper:0.99.0] AndroidManifest.xml:16:5-76
16-->[com.facebook.flipper:flipper:0.99.0] AndroidManifest.xml:16:22-73
17    <uses-permission android:name="android.permission.ACCESS_NETWORK_STATE" />
17-->[com.google.android.gms:play-services-maps:17.0.0] AndroidManifest.xml:23:5-79
17-->[com.google.android.gms:play-services-maps:17.0.0] AndroidManifest.xml:23:22-76
18
19    <uses-feature
19-->[com.google.android.gms:play-services-maps:17.0.0] AndroidManifest.xml:26:5-28:35
20        android:glEsVersion="0x00020000"
20-->[com.google.android.gms:play-services-maps:17.0.0] AndroidManifest.xml:27:9-41
21        android:required="true" />
21-->[com.google.android.gms:play-services-maps:17.0.0] AndroidManifest.xml:28:9-32
22
23    <uses-permission android:name="android.permission.WAKE_LOCK" />
23-->[androidx.work:work-runtime:2.5.0] AndroidManifest.xml:25:5-68
23-->[androidx.work:work-runtime:2.5.0] AndroidManifest.xml:25:22-65
24    <uses-permission android:name="android.permission.RECEIVE_BOOT_COMPLETED" />
24-->[androidx.work:work-runtime:2.5.0] AndroidManifest.xml:27:5-81
24-->[androidx.work:work-runtime:2.5.0] AndroidManifest.xml:27:22-78
25    <uses-permission android:name="android.permission.FOREGROUND_SERVICE" />
25-->[androidx.work:work-runtime:2.5.0] AndroidManifest.xml:28:5-77
25-->[androidx.work:work-runtime:2.5.0] AndroidManifest.xml:28:22-74
26
27    <application
27-->src/main/AndroidManifest.xml:9:5-35:19
28        android:name="com.rutasapp.MainApplication"
28-->src/main/AndroidManifest.xml:10:7-38
29        android:allowBackup="false"
29-->src/main/AndroidManifest.xml:14:7-34
30        android:appComponentFactory="androidx.core.app.CoreComponentFactory"
30-->[androidx.core:core:1.6.0] AndroidManifest.xml:24:18-86
31        android:debuggable="true"
32        android:icon="@mipmap/ic_launcher"
32-->src/main/AndroidManifest.xml:12:7-41
33        android:label="@string/app_name"
33-->src/main/AndroidManifest.xml:11:7-39
34        android:roundIcon="@mipmap/ic_launcher_round"
34-->src/main/AndroidManifest.xml:13:7-52
35        android:theme="@style/AppTheme"
35-->src/main/AndroidManifest.xml:15:7-38
36        android:usesCleartextTraffic="true" >
36-->src/debug/AndroidManifest.xml:8:9-44
37        <activity android:name="com.facebook.react.devsupport.DevSettingsActivity" />
37-->src/debug/AndroidManifest.xml:11:9-86
37-->src/debug/AndroidManifest.xml:11:19-83
38
39        <meta-data
39-->src/main/AndroidManifest.xml:17:7-19:63
40            android:name="com.google.android.geo.API_KEY"
40-->src/main/AndroidManifest.xml:18:6-51
41            android:value="AIzaSyCBhEAaQWOEMyw8f2yiHW-M_GtiMxYKXi8" /> <!-- You will also only need to add this uses-library tag -->
41-->src/main/AndroidManifest.xml:19:6-61
42        <uses-library
42-->src/main/AndroidManifest.xml:22:7-85
43            android:name="org.apache.http.legacy"
43-->src/main/AndroidManifest.xml:22:21-58
44            android:required="false" />
44-->src/main/AndroidManifest.xml:22:59-83
45
46        <activity
46-->src/main/AndroidManifest.xml:24:7-34:18
47            android:name="com.rutasapp.MainActivity"
47-->src/main/AndroidManifest.xml:25:9-37
48            android:configChanges="keyboard|keyboardHidden|orientation|screenSize|uiMode"
48-->src/main/AndroidManifest.xml:27:9-86
49            android:label="@string/app_name"
49-->src/main/AndroidManifest.xml:26:9-41
50            android:launchMode="singleTask"
50-->src/main/AndroidManifest.xml:28:9-40
51            android:windowSoftInputMode="adjustResize" >
51-->src/main/AndroidManifest.xml:29:9-51
52            <intent-filter>
52-->src/main/AndroidManifest.xml:30:9-33:25
53                <action android:name="android.intent.action.MAIN" />
53-->src/main/AndroidManifest.xml:31:13-65
53-->src/main/AndroidManifest.xml:31:21-62
54
55                <category android:name="android.intent.category.LAUNCHER" />
55-->src/main/AndroidManifest.xml:32:13-73
55-->src/main/AndroidManifest.xml:32:23-70
56            </intent-filter>
57        </activity>
58        <activity
58-->[com.google.android.gms:play-services-base:17.2.1] AndroidManifest.xml:23:9-26:75
59            android:name="com.google.android.gms.common.api.GoogleApiActivity"
59-->[com.google.android.gms:play-services-base:17.2.1] AndroidManifest.xml:24:13-79
60            android:exported="false"
60-->[com.google.android.gms:play-services-base:17.2.1] AndroidManifest.xml:25:13-37
61            android:theme="@android:style/Theme.Translucent.NoTitleBar" />
61-->[com.google.android.gms:play-services-base:17.2.1] AndroidManifest.xml:26:13-72
62
63        <provider
63-->[androidx.work:work-runtime:2.5.0] AndroidManifest.xml:31:9-37:35
64            android:name="androidx.work.impl.WorkManagerInitializer"
64-->[androidx.work:work-runtime:2.5.0] AndroidManifest.xml:32:13-69
65            android:authorities="com.rutasapp.workmanager-init"
65-->[androidx.work:work-runtime:2.5.0] AndroidManifest.xml:33:13-68
66            android:directBootAware="false"
66-->[androidx.work:work-runtime:2.5.0] AndroidManifest.xml:34:13-44
67            android:exported="false"
67-->[androidx.work:work-runtime:2.5.0] AndroidManifest.xml:35:13-37
68            android:multiprocess="true" />
68-->[androidx.work:work-runtime:2.5.0] AndroidManifest.xml:36:13-40
69
70        <service
70-->[androidx.work:work-runtime:2.5.0] AndroidManifest.xml:39:9-44:35
71            android:name="androidx.work.impl.background.systemalarm.SystemAlarmService"
71-->[androidx.work:work-runtime:2.5.0] AndroidManifest.xml:40:13-88
72            android:directBootAware="false"
72-->[androidx.work:work-runtime:2.5.0] AndroidManifest.xml:41:13-44
73            android:enabled="@bool/enable_system_alarm_service_default"
73-->[androidx.work:work-runtime:2.5.0] AndroidManifest.xml:42:13-72
74            android:exported="false" />
74-->[androidx.work:work-runtime:2.5.0] AndroidManifest.xml:43:13-37
75        <service
75-->[androidx.work:work-runtime:2.5.0] AndroidManifest.xml:45:9-51:35
76            android:name="androidx.work.impl.background.systemjob.SystemJobService"
76-->[androidx.work:work-runtime:2.5.0] AndroidManifest.xml:46:13-84
77            android:directBootAware="false"
77-->[androidx.work:work-runtime:2.5.0] AndroidManifest.xml:47:13-44
78            android:enabled="@bool/enable_system_job_service_default"
78-->[androidx.work:work-runtime:2.5.0] AndroidManifest.xml:48:13-70
79            android:exported="true"
79-->[androidx.work:work-runtime:2.5.0] AndroidManifest.xml:49:13-36
80            android:permission="android.permission.BIND_JOB_SERVICE" />
80-->[androidx.work:work-runtime:2.5.0] AndroidManifest.xml:50:13-69
81        <service
81-->[androidx.work:work-runtime:2.5.0] AndroidManifest.xml:52:9-57:35
82            android:name="androidx.work.impl.foreground.SystemForegroundService"
82-->[androidx.work:work-runtime:2.5.0] AndroidManifest.xml:53:13-81
83            android:directBootAware="false"
83-->[androidx.work:work-runtime:2.5.0] AndroidManifest.xml:54:13-44
84            android:enabled="@bool/enable_system_foreground_service_default"
84-->[androidx.work:work-runtime:2.5.0] AndroidManifest.xml:55:13-77
85            android:exported="false" />
85-->[androidx.work:work-runtime:2.5.0] AndroidManifest.xml:56:13-37
86
87        <receiver
87-->[androidx.work:work-runtime:2.5.0] AndroidManifest.xml:59:9-64:35
88            android:name="androidx.work.impl.utils.ForceStopRunnable$BroadcastReceiver"
88-->[androidx.work:work-runtime:2.5.0] AndroidManifest.xml:60:13-88
89            android:directBootAware="false"
89-->[androidx.work:work-runtime:2.5.0] AndroidManifest.xml:61:13-44
90            android:enabled="true"
90-->[androidx.work:work-runtime:2.5.0] AndroidManifest.xml:62:13-35
91            android:exported="false" />
91-->[androidx.work:work-runtime:2.5.0] AndroidManifest.xml:63:13-37
92        <receiver
92-->[androidx.work:work-runtime:2.5.0] AndroidManifest.xml:65:9-75:20
93            android:name="androidx.work.impl.background.systemalarm.ConstraintProxy$BatteryChargingProxy"
93-->[androidx.work:work-runtime:2.5.0] AndroidManifest.xml:66:13-106
94            android:directBootAware="false"
94-->[androidx.work:work-runtime:2.5.0] AndroidManifest.xml:67:13-44
95            android:enabled="false"
95-->[androidx.work:work-runtime:2.5.0] AndroidManifest.xml:68:13-36
96            android:exported="false" >
96-->[androidx.work:work-runtime:2.5.0] AndroidManifest.xml:69:13-37
97            <intent-filter>
97-->[androidx.work:work-runtime:2.5.0] AndroidManifest.xml:71:13-74:29
98                <action android:name="android.intent.action.ACTION_POWER_CONNECTED" />
98-->[androidx.work:work-runtime:2.5.0] AndroidManifest.xml:72:17-87
98-->[androidx.work:work-runtime:2.5.0] AndroidManifest.xml:72:25-84
99                <action android:name="android.intent.action.ACTION_POWER_DISCONNECTED" />
99-->[androidx.work:work-runtime:2.5.0] AndroidManifest.xml:73:17-90
99-->[androidx.work:work-runtime:2.5.0] AndroidManifest.xml:73:25-87
100            </intent-filter>
101        </receiver>
102        <receiver
102-->[androidx.work:work-runtime:2.5.0] AndroidManifest.xml:76:9-86:20
103            android:name="androidx.work.impl.background.systemalarm.ConstraintProxy$BatteryNotLowProxy"
103-->[androidx.work:work-runtime:2.5.0] AndroidManifest.xml:77:13-104
104            android:directBootAware="false"
104-->[androidx.work:work-runtime:2.5.0] AndroidManifest.xml:78:13-44
105            android:enabled="false"
105-->[androidx.work:work-runtime:2.5.0] AndroidManifest.xml:79:13-36
106            android:exported="false" >
106-->[androidx.work:work-runtime:2.5.0] AndroidManifest.xml:80:13-37
107            <intent-filter>
107-->[androidx.work:work-runtime:2.5.0] AndroidManifest.xml:82:13-85:29
108                <action android:name="android.intent.action.BATTERY_OKAY" />
108-->[androidx.work:work-runtime:2.5.0] AndroidManifest.xml:83:17-77
108-->[androidx.work:work-runtime:2.5.0] AndroidManifest.xml:83:25-74
109                <action android:name="android.intent.action.BATTERY_LOW" />
109-->[androidx.work:work-runtime:2.5.0] AndroidManifest.xml:84:17-76
109-->[androidx.work:work-runtime:2.5.0] AndroidManifest.xml:84:25-73
110            </intent-filter>
111        </receiver>
112        <receiver
112-->[androidx.work:work-runtime:2.5.0] AndroidManifest.xml:87:9-97:20
113            android:name="androidx.work.impl.background.systemalarm.ConstraintProxy$StorageNotLowProxy"
113-->[androidx.work:work-runtime:2.5.0] AndroidManifest.xml:88:13-104
114            android:directBootAware="false"
114-->[androidx.work:work-runtime:2.5.0] AndroidManifest.xml:89:13-44
115            android:enabled="false"
115-->[androidx.work:work-runtime:2.5.0] AndroidManifest.xml:90:13-36
116            android:exported="false" >
116-->[androidx.work:work-runtime:2.5.0] AndroidManifest.xml:91:13-37
117            <intent-filter>
117-->[androidx.work:work-runtime:2.5.0] AndroidManifest.xml:93:13-96:29
118                <action android:name="android.intent.action.DEVICE_STORAGE_LOW" />
118-->[androidx.work:work-runtime:2.5.0] AndroidManifest.xml:94:17-83
118-->[androidx.work:work-runtime:2.5.0] AndroidManifest.xml:94:25-80
119                <action android:name="android.intent.action.DEVICE_STORAGE_OK" />
119-->[androidx.work:work-runtime:2.5.0] AndroidManifest.xml:95:17-82
119-->[androidx.work:work-runtime:2.5.0] AndroidManifest.xml:95:25-79
120            </intent-filter>
121        </receiver>
122        <receiver
122-->[androidx.work:work-runtime:2.5.0] AndroidManifest.xml:98:9-107:20
123            android:name="androidx.work.impl.background.systemalarm.ConstraintProxy$NetworkStateProxy"
123-->[androidx.work:work-runtime:2.5.0] AndroidManifest.xml:99:13-103
124            android:directBootAware="false"
124-->[androidx.work:work-runtime:2.5.0] AndroidManifest.xml:100:13-44
125            android:enabled="false"
125-->[androidx.work:work-runtime:2.5.0] AndroidManifest.xml:101:13-36
126            android:exported="false" >
126-->[androidx.work:work-runtime:2.5.0] AndroidManifest.xml:102:13-37
127            <intent-filter>
127-->[androidx.work:work-runtime:2.5.0] AndroidManifest.xml:104:13-106:29
128                <action android:name="android.net.conn.CONNECTIVITY_CHANGE" />
128-->[androidx.work:work-runtime:2.5.0] AndroidManifest.xml:105:17-79
128-->[androidx.work:work-runtime:2.5.0] AndroidManifest.xml:105:25-76
129            </intent-filter>
130        </receiver>
131        <receiver
131-->[androidx.work:work-runtime:2.5.0] AndroidManifest.xml:108:9-119:20
132            android:name="androidx.work.impl.background.systemalarm.RescheduleReceiver"
132-->[androidx.work:work-runtime:2.5.0] AndroidManifest.xml:109:13-88
133            android:directBootAware="false"
133-->[androidx.work:work-runtime:2.5.0] AndroidManifest.xml:110:13-44
134            android:enabled="false"
134-->[androidx.work:work-runtime:2.5.0] AndroidManifest.xml:111:13-36
135            android:exported="false" >
135-->[androidx.work:work-runtime:2.5.0] AndroidManifest.xml:112:13-37
136            <intent-filter>
136-->[androidx.work:work-runtime:2.5.0] AndroidManifest.xml:114:13-118:29
137                <action android:name="android.intent.action.BOOT_COMPLETED" />
137-->[androidx.work:work-runtime:2.5.0] AndroidManifest.xml:115:17-79
137-->[androidx.work:work-runtime:2.5.0] AndroidManifest.xml:115:25-76
138                <action android:name="android.intent.action.TIME_SET" />
138-->[androidx.work:work-runtime:2.5.0] AndroidManifest.xml:116:17-73
138-->[androidx.work:work-runtime:2.5.0] AndroidManifest.xml:116:25-70
139                <action android:name="android.intent.action.TIMEZONE_CHANGED" />
139-->[androidx.work:work-runtime:2.5.0] AndroidManifest.xml:117:17-81
139-->[androidx.work:work-runtime:2.5.0] AndroidManifest.xml:117:25-78
140            </intent-filter>
141        </receiver>
142        <receiver
142-->[androidx.work:work-runtime:2.5.0] AndroidManifest.xml:120:9-129:20
143            android:name="androidx.work.impl.background.systemalarm.ConstraintProxyUpdateReceiver"
143-->[androidx.work:work-runtime:2.5.0] AndroidManifest.xml:121:13-99
144            android:directBootAware="false"
144-->[androidx.work:work-runtime:2.5.0] AndroidManifest.xml:122:13-44
145            android:enabled="@bool/enable_system_alarm_service_default"
145-->[androidx.work:work-runtime:2.5.0] AndroidManifest.xml:123:13-72
146            android:exported="false" >
146-->[androidx.work:work-runtime:2.5.0] AndroidManifest.xml:124:13-37
147            <intent-filter>
147-->[androidx.work:work-runtime:2.5.0] AndroidManifest.xml:126:13-128:29
148                <action android:name="androidx.work.impl.background.systemalarm.UpdateProxies" />
148-->[androidx.work:work-runtime:2.5.0] AndroidManifest.xml:127:17-98
148-->[androidx.work:work-runtime:2.5.0] AndroidManifest.xml:127:25-95
149            </intent-filter>
150        </receiver>
151        <receiver
151-->[androidx.work:work-runtime:2.5.0] AndroidManifest.xml:130:9-140:20
152            android:name="androidx.work.impl.diagnostics.DiagnosticsReceiver"
152-->[androidx.work:work-runtime:2.5.0] AndroidManifest.xml:131:13-78
153            android:directBootAware="false"
153-->[androidx.work:work-runtime:2.5.0] AndroidManifest.xml:132:13-44
154            android:enabled="true"
154-->[androidx.work:work-runtime:2.5.0] AndroidManifest.xml:133:13-35
155            android:exported="true"
155-->[androidx.work:work-runtime:2.5.0] AndroidManifest.xml:134:13-36
156            android:permission="android.permission.DUMP" >
156-->[androidx.work:work-runtime:2.5.0] AndroidManifest.xml:135:13-57
157            <intent-filter>
157-->[androidx.work:work-runtime:2.5.0] AndroidManifest.xml:137:13-139:29
158                <action android:name="androidx.work.diagnostics.REQUEST_DIAGNOSTICS" />
158-->[androidx.work:work-runtime:2.5.0] AndroidManifest.xml:138:17-88
158-->[androidx.work:work-runtime:2.5.0] AndroidManifest.xml:138:25-85
159            </intent-filter>
160        </receiver>
161
162        <service
162-->[androidx.room:room-runtime:2.2.5] AndroidManifest.xml:25:9-28:40
163            android:name="androidx.room.MultiInstanceInvalidationService"
163-->[androidx.room:room-runtime:2.2.5] AndroidManifest.xml:26:13-74
164            android:directBootAware="true"
164-->[androidx.room:room-runtime:2.2.5] AndroidManifest.xml:27:13-43
165            android:exported="false" />
165-->[androidx.room:room-runtime:2.2.5] AndroidManifest.xml:28:13-37
166
167        <meta-data
167-->[com.google.maps.android:android-maps-utils:0.5] AndroidManifest.xml:8:9-10:69
168            android:name="com.google.android.gms.version"
168-->[com.google.maps.android:android-maps-utils:0.5] AndroidManifest.xml:9:13-58
169            android:value="@integer/google_play_services_version" />
169-->[com.google.maps.android:android-maps-utils:0.5] AndroidManifest.xml:10:13-66
170    </application>
171
172</manifest>